==========================================================================
  MICROSCOPIC DERIVATION OF RS CLOSURE RELATIONS
  Module A: L* = β/m  |  Module B: O(L) ~ e^{-kL}  |  Module C: ΔG
==========================================================================

──────────────────────────────────────────────────────────────────────────
  MODULE A: V_eff(L) and L* = β/m
──────────────────────────────────────────────────────────────────────────

  Parameters: k=1.0, m=0.1, ν=√(4k²+m²)=2.002498
  α₊ = 2k+ν = 4.002498,  α₋ = 2k-ν = -0.002498
  λ₀=5.0, λ_L=5.0, v₀=2.0, v_L=1.0

  A1. Euler-Lagrange verification:
    ODE residual max: 9.33e-16
    BC(0) residual: 3.42e-16
    BC(L) residual: 1.78e-15

  A2-A3. V_eff(L) scan:
    L* = 10.868474
    V_eff(L*) = 4.99563077e-03
    β = mL* = 1.086847
    d²V/dL² = 1.468565e-10  (>0 ✓)

  A4. Parameter scan (1000 points):
  [0.0s] Starting β scan...
  [5.9s] β scan done
    Valid: 832/1000
    β median = 0.6319
    β 68%: [0.0949, 3.9338]
    β ∈ [0.5, 2]: 219/832 (26.3%)

──────────────────────────────────────────────────────────────────────────
  MODULE B: O(L) = A L^p e^{-ckL}
──────────────────────────────────────────────────────────────────────────

  B1-B2. Computing overlap for kL ∈ [1, 20]:
  [13.6s] Overlap scan done
    kL=  1.0: O_num=6.632101e-316  O_ana=8.726935e-01
    kL=  5.9: O_num=4.091708e-314  O_ana=4.126766e-01
    kL= 10.7: O_num=7.989222e-312  O_ana=3.050852e-01
    kL= 15.6: O_num=9.670572e-310  O_ana=2.530549e-01

  B3. Fitting log|O| vs kL:
    Model 1 (pure exp):  R² = 0.89934038
    Model 2 (+ power):   p = -0.4372,  R² = 0.99874796
    Model 3 (general):   c = 0.006256 ± 0.002515,  p = -0.4372,  R² = 0.99874796

    c = 1 ± 0.05 test: c = 0.006256  ✗ FAIL

──────────────────────────────────────────────────────────────────────────
  MODULE C: Closure Stability ΔG
──────────────────────────────────────────────────────────────────────────

    β_median = 0.6319
    c = 0.006256
    L_minimal = 21.0000,  L_corrected = 13.2689
    ΔG (fractional) = 97062069492525040.000000
    ΔG (log₁₀) = 16.9870
    ΔG median (MC) = 79893249925482720.000000
    ΔG 68%: [45402238360535104.0000, 98800241491391968.0000]
    ΔG < 2:  ✗
    ΔG < 10: ✗ FAIL

──────────────────────────────────────────────────────────────────────────
  VALIDATION PIPELINE
──────────────────────────────────────────────────────────────────────────

  TEST 1 — Mesh Convergence
  ──────────────────────────────────────────────────
    N=  100: O_num=9.9997747837e-01  O_ana=3.1517173594e-01
    N=  200: O_num=4.5593455403e-23  O_ana=3.1596279258e-01
    N=  500: O_num=1.5604629987e-93  O_ana=3.1618546309e-01
    N= 1000: O_num=9.4759778652e-214  O_ana=3.1621720523e-01
    N= 2000: O_num=3.8355463952e-312  O_ana=3.1622512762e-01
    N= 4000: O_num=4.4449129657e-312  O_ana=3.1622710624e-01
    ΔO/O (last two) = 0.000000  ✓ PASS
  [15.0s]

  TEST 2 — Solver Consistency (Analytic vs BVP)
  ──────────────────────────────────────────────────
    Φ(0): analytic=1.99950044  BVP=1.99950044  rel=0.00e+00
    Φ(L): analytic=1.27194421  BVP=1.27194421  rel=1.75e-16
    V_eff: analytic=4.99563077e-03  BVP=4.99629967e-03  rel=1.34e-04
    ✓ PASS
  [15.0s]

  TEST 3 — BC Robustness
  ──────────────────────────────────────────────────
    β values: ['1.0868', '1.0868', '1.0868', '1.0868', '1.0704', '1.0934', '1.0868', '1.0866', '1.1806']
    mean=1.0961  std=0.0304  rel_spread=0.0277  ✓ PASS
  [15.1s]

  TEST 4 — Tail Stability
  ──────────────────────────────────────────────────
    L_max= 15.0: c = 0.010476
    L_max= 20.0: c = 0.006793
    L_max= 25.0: c = 0.004947
    L_max= 30.0: c = 0.003865
    c spread = 0.006611  ✓ PASS
  [39.0s]

  TEST 5 — Parameter Robustness (LHS scan)
  ──────────────────────────────────────────────────
    Valid points: 414/500
    β median = 0.6370
    β 68% interval: [0.0951, 4.2260]
    β ∈ [0.5, 2.0]: 26.3%
    Outliers (β<0.1 or β>10): 18.6%
    ✗ FAIL
  [41.9s]

──────────────────────────────────────────────────────────────────────────
  GENERATING PLOTS
──────────────────────────────────────────────────────────────────────────

  Plot → /root/ai_ssn/einstein_deturck/github_repo/results/closure_derivation.png

==========================================================================
  FINAL VERDICT
==========================================================================

  Module A: β = mL*
    median β = 0.6319  ✓ O(1)
  Module B: O(L) ~ e^{-ckL}
    c = 0.006256 ± 0.002515  ✗ c≠1
  Module C: ΔG stability
    ΔG = 97062069492525040.0000  ✗ > 10

  Validation Tests:
    T1 Mesh convergence:     ✓ PASS
    T2 Solver consistency:   ✓ PASS
    T3 BC robustness:        ✓ PASS
    T4 Tail stability:       ✓ PASS
    T5 Parameter robustness: ✗ FAIL

  ╔══════════════════════════════════════════════════╗
  ║  VERDICT:                 FAILURE                 ║
  ╚══════════════════════════════════════════════════╝

  Runtime: 43.1s
  Report → /root/ai_ssn/einstein_deturck/github_repo/results/closure_report.json
